2022-05-16 21:10:02.961 INFO door_lock - <module>: Door's Lock simulator is ready to Start...
2022-05-16 21:10:04.575 DEBUG door_lock - __init__: Initiating Door's Lock simulator...
2022-05-16 21:13:01.497 INFO door_lock - <module>: Door's Lock simulator is ready to Start...
2022-05-16 21:13:01.604 DEBUG door_lock - __init__: Initiating Door's Lock simulator...
2022-05-16 21:14:08.832 INFO ====: Door's Lock simulator is ready to Start... =;
2022-05-16 21:14:08.929 DEBUG ====: Initiating Door's Lock simulator... =;
2022-05-16 21:17:14.419 INFO ====: Door's Lock simulator is ready to Start... =;
2022-05-16 21:17:14.599 DEBUG ====: Initiating Door's Lock simulator... =;
2022-05-16 21:19:08.498 INFO ====: Door's Lock simulator is ready to Start... =;
2022-05-16 21:19:08.598 DEBUG ====: Initiating Door's Lock simulator... =;
2022-05-16 21:19:18.535 WARNING ====: Door's was opened by Owner. =;
2022-05-16 21:30:12.973 INFO ====: Door's Lock simulator is ready to Start... =;
2022-05-16 21:30:13.068 DEBUG ====: Initiating Door's Lock simulator... =;
2022-05-16 21:30:19.429 WARNING ====: Door's was opened by Owner. =;
2022-05-16 21:30:21.243 DEBUG ====: Initiating Door's Lock simulator... =;
2022-05-16 21:32:04.003 INFO ====: Door's Lock simulator is ready to Start... =;
2022-05-16 21:32:04.103 DEBUG ====: Initiating Door's Lock simulator... =;
2022-05-16 21:34:56.025 INFO ====: Door's Lock simulator is ready to Start... =;
2022-05-16 21:34:56.143 DEBUG ====: Initiating Door's Lock simulator... =;
2022-05-16 21:35:03.466 WARNING ====: Door's was opened by Owner. =;
2022-05-17 11:01:24.472 INFO ====: Door's Lock simulator is ready to Start... =;
2022-05-17 11:01:26.300 DEBUG ====: Initiating Door's Lock simulator... =;
2022-05-17 11:04:44.442 INFO ====: Estabelecendo conexão com o Whatsapp... =;
2022-05-17 11:05:50.509 INFO ====: Estabelecendo conexão com o Whatsapp... =;
2022-05-17 11:18:17.700 INFO ====: Estabelecendo conexão com o Whatsapp... =;
2022-05-17 11:18:19.069 DEBUG ====: POST http://localhost:55168/session {"capabilities": {"firstMatch": [{}], "alwaysMatch": {"browserName": "MicrosoftEdge", "pageLoadStrategy": "normal", "ms:edgeOptions": {"extensions": [], "args": []}}}} =;
2022-05-17 11:18:19.071 DEBUG ====: Starting new HTTP connection (1): localhost:55168 =;
2022-05-17 11:18:24.321 DEBUG ====: http://localhost:55168 "POST /session HTTP/1.1" 500 1896 =;
2022-05-17 11:18:24.324 DEBUG ====: Remote response: status=500 | data={"value":{"error":"session not created","message":"session not created: This version of MSEdgeDriver only supports MSEdge version 97\nCurrent browser version is 101.0.1210.32 with binary path C:\\Program Files (x86)\\Microsoft\\Edge\\Application\\msedge.exe","stacktrace":"Backtrace:\n\tMicrosoft::Applications::Events::EventProperty::EventProperty [0x00007FF75F2373B2+360450]\n\tMicrosoft::Applications::Events::EventProperty::to_string [0x00007FF75EE3BB57+885959]\n\tMicrosoft::Applications::Events::EventProperty::to_string [0x00007FF75EE664A5+1060373]\n\tMicrosoft::Applications::Events::EventProperty::to_string [0x00007FF75EE62B99+1045769]\n\tMicrosoft::Applications::Events::EventProperty::to_string [0x00007FF75EE5BD12+1017474]\n\tMicrosoft::Applications::Events::EventProperty::to_string [0x00007FF75EE97F08+1263736]\n\tMicrosoft::Applications::Events::EventProperty::to_string [0x00007FF75EE92ED3+1243203]\n\tMicrosoft::Applications::Events::EventProperty::to_string [0x00007FF75EE683C0+1068336]\n\tMicrosoft::Applications::Events::EventProperty::to_string [0x00007FF75EE694E8+1072728]\n\tOrdinal0 [0x00007FF75ECC5ED3+24275]\n\tMicrosoft::Applications::Events::LogManagerProvider::CreateLogManager [0x00007FF75EF482F7+277063]\n\tMicrosoft::Applications::Events::EventProperty::EventProperty [0x00007FF75F1123D2+2946]\n\tMicrosoft::Applications::Events::LogManagerProvider::CreateLogManager [0x00007FF75EF11B1C+53868]\n\tMicrosoft::Applications::Events::EventProperty::EventProperty [0x00007FF75F22C553+315811]\n\tMicrosoft::Applications::Events::EventProperty::EventProperty [0x00007FF75F22BE94+314084]\n\tMicrosoft::Applications::Events::EventProperty::EventProperty [0x00007FF75F22BCDD+313645]\n\tMicrosoft::Applications::Events::EventProperty::EventProperty [0x00007FF75F1861F3+477603]\n\tBaseThreadInitThunk [0x00007FFC73677034+20]\n\tRtlUserThreadStart [0x00007FFC74E62651+33]\n"}} | headers=HTTPHeaderDict({'Content-Length': '1896', 'Content-Type': 'application/json; charset=utf-8', 'cache-control': 'no-cache'}) =;
2022-05-17 11:18:24.324 DEBUG ====: Finished Request =;
2022-05-17 11:30:02.601 INFO ====: Estabelecendo conexão com o Whatsapp... =;
2022-05-17 11:30:03.368 DEBUG ====: POST http://localhost:49244/session {"capabilities": {"firstMatch": [{}], "alwaysMatch": {"browserName": "MicrosoftEdge", "pageLoadStrategy": "normal", "ms:edgeOptions": {"extensions": [], "args": []}}}} =;
2022-05-17 11:30:03.373 DEBUG ====: Starting new HTTP connection (1): localhost:49244 =;
2022-05-17 11:30:10.558 DEBUG ====: http://localhost:49244 "POST /session HTTP/1.1" 200 756 =;
2022-05-17 11:30:10.561 DEBUG ====: Remote response: status=200 | data={"value":{"capabilities":{"acceptInsecureCerts":false,"browserName":"msedge","browserVersion":"101.0.1210.32","ms:edgeOptions":{"debuggerAddress":"localhost:49252"},"msedge":{"msedgedriverVersion":"101.0.1210.47 (f5323bd54bb60f77072603850ed368ae23c34251)","userDataDir":"C:\\Users\\lfcct\\AppData\\Local\\Temp\\scoped_dir42280_2076511871"},"networkConnectionEnabled":false,"pageLoadStrategy":"normal","platformName":"windows","proxy":{},"setWindowRect":true,"strictFileInteractability":false,"timeouts":{"implicit":0,"pageLoad":300000,"script":30000},"unhandledPromptBehavior":"dismiss and notify","webauthn:extension:credBlob":true,"webauthn:extension:largeBlob":true,"webauthn:virtualAuthenticators":true},"sessionId":"bef576312d58f1c7fdadaaaf86f5577b"}} | headers=HTTPHeaderDict({'Content-Length': '756', 'Content-Type': 'application/json; charset=utf-8', 'cache-control': 'no-cache'}) =;
2022-05-17 11:30:10.562 DEBUG ====: Finished Request =;
2022-05-17 11:30:10.563 DEBUG ====: POST http://localhost:49244/session/bef576312d58f1c7fdadaaaf86f5577b/url {"url": "https://web.whatsapp.com/"} =;
2022-05-17 11:30:14.848 DEBUG ====: http://localhost:49244 "POST /session/bef576312d58f1c7fdadaaaf86f5577b/url HTTP/1.1" 200 14 =;
2022-05-17 11:30:14.849 DEBUG ====: Remote response: status=200 | data={"value":null} | headers=HTTPHeaderDict({'Content-Length': '14', 'Content-Type': 'application/json; charset=utf-8', 'cache-control': 'no-cache'}) =;
2022-05-17 11:30:14.849 DEBUG ====: Finished Request =;
2022-05-17 11:30:19.860 DEBUG ====: POST http://localhost:49244/session/bef576312d58f1c7fdadaaaf86f5577b/element {"using": "xpath", "value": "//*[@id=\"side\"]/div[1]/div/label/div/div[2]"} =;
2022-05-17 11:30:19.879 DEBUG ====: http://localhost:49244 "POST /session/bef576312d58f1c7fdadaaaf86f5577b/element HTTP/1.1" 404 1617 =;
2022-05-17 11:30:19.880 DEBUG ====: Remote response: status=404 | data={"value":{"error":"no such element","message":"no such element: Unable to locate element: {\"method\":\"xpath\",\"selector\":\"//*[@id=\"side\"]/div[1]/div/label/div/div[2]\"}\n  (Session info: MicrosoftEdge=101.0.1210.32)","stacktrace":"Backtrace:\n\tMicrosoft::Applications::Events::EventProperties::unpack [0x00007FF60A57CC52+24658]\n\tMicrosoft::Applications::Events::time_ticks_t::time_ticks_t [0x00007FF60A4BD342+539922]\n\tOrdinal0 [0x00007FF609FC0F05+659205]\n\tOrdinal0 [0x00007FF609FFC1F1+901617]\n\tOrdinal0 [0x00007FF609FFC403+902147]\n\tOrdinal0 [0x00007FF60A02E397+1106839]\n\tOrdinal0 [0x00007FF60A0176DF+1013471]\n\tOrdinal0 [0x00007FF60A02B9E7+1096167]\n\tOrdinal0 [0x00007FF60A0174B3+1012915]\n\tOrdinal0 [0x00007FF609FEE440+844864]\n\tOrdinal0 [0x00007FF609FEF848+849992]\n\tMicrosoft::Applications::Events::EventProperty::EventProperty [0x00007FF60A2817D8+120584]\n\tMicrosoft::Applications::Events::EventProperty::EventProperty [0x00007FF60A26CE1E+36174]\n\tMicrosoft::Applications::Events::EventProperty::EventProperty [0x00007FF60A27001C+48972]\n\tMicrosoft::Applications::Events::EventProperty::to_string [0x00007FF60A0C0716+30806]\n\tMicrosoft::Applications::Events::time_ticks_t::time_ticks_t [0x00007FF60A4C4611+569313]\n\tMicrosoft::Applications::Events::time_ticks_t::time_ticks_t [0x00007FF60A4C9044+588308]\n\tMicrosoft::Applications::Events::time_ticks_t::time_ticks_t [0x00007FF60A4C919D+588653]\n\tMicrosoft::Applications::Events::time_ticks_t::time_ticks_t [0x00007FF60A4D292E+627454]\n\tBaseThreadInitThunk [0x00007FFC73677034+20]\n\tRtlUserThreadStart [0x00007FFC74E62651+33]\n"}} | headers=HTTPHeaderDict({'Content-Length': '1617', 'Content-Type': 'application/json; charset=utf-8', 'cache-control': 'no-cache'}) =;
2022-05-17 11:30:19.880 DEBUG ====: Finished Request =;
2022-05-17 11:30:19.881 INFO ====: Tentando estabelecer conexão... =;
2022-05-17 11:30:23.895 DEBUG ====: POST http://localhost:49244/session/bef576312d58f1c7fdadaaaf86f5577b/element {"using": "xpath", "value": "//*[@id=\"side\"]/div[1]/div/label/div/div[2]"} =;
2022-05-17 11:30:23.909 DEBUG ====: http://localhost:49244 "POST /session/bef576312d58f1c7fdadaaaf86f5577b/element HTTP/1.1" 404 1617 =;
2022-05-17 11:30:23.910 DEBUG ====: Remote response: status=404 | data={"value":{"error":"no such element","message":"no such element: Unable to locate element: {\"method\":\"xpath\",\"selector\":\"//*[@id=\"side\"]/div[1]/div/label/div/div[2]\"}\n  (Session info: MicrosoftEdge=101.0.1210.32)","stacktrace":"Backtrace:\n\tMicrosoft::Applications::Events::EventProperties::unpack [0x00007FF60A57CC52+24658]\n\tMicrosoft::Applications::Events::time_ticks_t::time_ticks_t [0x00007FF60A4BD342+539922]\n\tOrdinal0 [0x00007FF609FC0F05+659205]\n\tOrdinal0 [0x00007FF609FFC1F1+901617]\n\tOrdinal0 [0x00007FF609FFC403+902147]\n\tOrdinal0 [0x00007FF60A02E397+1106839]\n\tOrdinal0 [0x00007FF60A0176DF+1013471]\n\tOrdinal0 [0x00007FF60A02B9E7+1096167]\n\tOrdinal0 [0x00007FF60A0174B3+1012915]\n\tOrdinal0 [0x00007FF609FEE440+844864]\n\tOrdinal0 [0x00007FF609FEF848+849992]\n\tMicrosoft::Applications::Events::EventProperty::EventProperty [0x00007FF60A2817D8+120584]\n\tMicrosoft::Applications::Events::EventProperty::EventProperty [0x00007FF60A26CE1E+36174]\n\tMicrosoft::Applications::Events::EventProperty::EventProperty [0x00007FF60A27001C+48972]\n\tMicrosoft::Applications::Events::EventProperty::to_string [0x00007FF60A0C0716+30806]\n\tMicrosoft::Applications::Events::time_ticks_t::time_ticks_t [0x00007FF60A4C4611+569313]\n\tMicrosoft::Applications::Events::time_ticks_t::time_ticks_t [0x00007FF60A4C9044+588308]\n\tMicrosoft::Applications::Events::time_ticks_t::time_ticks_t [0x00007FF60A4C919D+588653]\n\tMicrosoft::Applications::Events::time_ticks_t::time_ticks_t [0x00007FF60A4D292E+627454]\n\tBaseThreadInitThunk [0x00007FFC73677034+20]\n\tRtlUserThreadStart [0x00007FFC74E62651+33]\n"}} | headers=HTTPHeaderDict({'Content-Length': '1617', 'Content-Type': 'application/json; charset=utf-8', 'cache-control': 'no-cache'}) =;
2022-05-17 11:30:23.910 DEBUG ====: Finished Request =;
2022-05-17 11:30:23.910 INFO ====: Tentando estabelecer conexão... =;
2022-05-17 11:30:27.924 DEBUG ====: POST http://localhost:49244/session/bef576312d58f1c7fdadaaaf86f5577b/element {"using": "xpath", "value": "//*[@id=\"side\"]/div[1]/div/label/div/div[2]"} =;
2022-05-17 11:30:27.945 DEBUG ====: http://localhost:49244 "POST /session/bef576312d58f1c7fdadaaaf86f5577b/element HTTP/1.1" 404 1617 =;
2022-05-17 11:30:27.946 DEBUG ====: Remote response: status=404 | data={"value":{"error":"no such element","message":"no such element: Unable to locate element: {\"method\":\"xpath\",\"selector\":\"//*[@id=\"side\"]/div[1]/div/label/div/div[2]\"}\n  (Session info: MicrosoftEdge=101.0.1210.32)","stacktrace":"Backtrace:\n\tMicrosoft::Applications::Events::EventProperties::unpack [0x00007FF60A57CC52+24658]\n\tMicrosoft::Applications::Events::time_ticks_t::time_ticks_t [0x00007FF60A4BD342+539922]\n\tOrdinal0 [0x00007FF609FC0F05+659205]\n\tOrdinal0 [0x00007FF609FFC1F1+901617]\n\tOrdinal0 [0x00007FF609FFC403+902147]\n\tOrdinal0 [0x00007FF60A02E397+1106839]\n\tOrdinal0 [0x00007FF60A0176DF+1013471]\n\tOrdinal0 [0x00007FF60A02B9E7+1096167]\n\tOrdinal0 [0x00007FF60A0174B3+1012915]\n\tOrdinal0 [0x00007FF609FEE440+844864]\n\tOrdinal0 [0x00007FF609FEF848+849992]\n\tMicrosoft::Applications::Events::EventProperty::EventProperty [0x00007FF60A2817D8+120584]\n\tMicrosoft::Applications::Events::EventProperty::EventProperty [0x00007FF60A26CE1E+36174]\n\tMicrosoft::Applications::Events::EventProperty::EventProperty [0x00007FF60A27001C+48972]\n\tMicrosoft::Applications::Events::EventProperty::to_string [0x00007FF60A0C0716+30806]\n\tMicrosoft::Applications::Events::time_ticks_t::time_ticks_t [0x00007FF60A4C4611+569313]\n\tMicrosoft::Applications::Events::time_ticks_t::time_ticks_t [0x00007FF60A4C9044+588308]\n\tMicrosoft::Applications::Events::time_ticks_t::time_ticks_t [0x00007FF60A4C919D+588653]\n\tMicrosoft::Applications::Events::time_ticks_t::time_ticks_t [0x00007FF60A4D292E+627454]\n\tBaseThreadInitThunk [0x00007FFC73677034+20]\n\tRtlUserThreadStart [0x00007FFC74E62651+33]\n"}} | headers=HTTPHeaderDict({'Content-Length': '1617', 'Content-Type': 'application/json; charset=utf-8', 'cache-control': 'no-cache'}) =;
2022-05-17 11:30:27.947 DEBUG ====: Finished Request =;
2022-05-17 11:30:27.947 INFO ====: Tentando estabelecer conexão... =;
2022-05-17 11:30:31.952 DEBUG ====: POST http://localhost:49244/session/bef576312d58f1c7fdadaaaf86f5577b/element {"using": "xpath", "value": "//*[@id=\"side\"]/div[1]/div/label/div/div[2]"} =;
2022-05-17 11:30:31.960 DEBUG ====: http://localhost:49244 "POST /session/bef576312d58f1c7fdadaaaf86f5577b/element HTTP/1.1" 404 1617 =;
2022-05-17 11:30:31.961 DEBUG ====: Remote response: status=404 | data={"value":{"error":"no such element","message":"no such element: Unable to locate element: {\"method\":\"xpath\",\"selector\":\"//*[@id=\"side\"]/div[1]/div/label/div/div[2]\"}\n  (Session info: MicrosoftEdge=101.0.1210.32)","stacktrace":"Backtrace:\n\tMicrosoft::Applications::Events::EventProperties::unpack [0x00007FF60A57CC52+24658]\n\tMicrosoft::Applications::Events::time_ticks_t::time_ticks_t [0x00007FF60A4BD342+539922]\n\tOrdinal0 [0x00007FF609FC0F05+659205]\n\tOrdinal0 [0x00007FF609FFC1F1+901617]\n\tOrdinal0 [0x00007FF609FFC403+902147]\n\tOrdinal0 [0x00007FF60A02E397+1106839]\n\tOrdinal0 [0x00007FF60A0176DF+1013471]\n\tOrdinal0 [0x00007FF60A02B9E7+1096167]\n\tOrdinal0 [0x00007FF60A0174B3+1012915]\n\tOrdinal0 [0x00007FF609FEE440+844864]\n\tOrdinal0 [0x00007FF609FEF848+849992]\n\tMicrosoft::Applications::Events::EventProperty::EventProperty [0x00007FF60A2817D8+120584]\n\tMicrosoft::Applications::Events::EventProperty::EventProperty [0x00007FF60A26CE1E+36174]\n\tMicrosoft::Applications::Events::EventProperty::EventProperty [0x00007FF60A27001C+48972]\n\tMicrosoft::Applications::Events::EventProperty::to_string [0x00007FF60A0C0716+30806]\n\tMicrosoft::Applications::Events::time_ticks_t::time_ticks_t [0x00007FF60A4C4611+569313]\n\tMicrosoft::Applications::Events::time_ticks_t::time_ticks_t [0x00007FF60A4C9044+588308]\n\tMicrosoft::Applications::Events::time_ticks_t::time_ticks_t [0x00007FF60A4C919D+588653]\n\tMicrosoft::Applications::Events::time_ticks_t::time_ticks_t [0x00007FF60A4D292E+627454]\n\tBaseThreadInitThunk [0x00007FFC73677034+20]\n\tRtlUserThreadStart [0x00007FFC74E62651+33]\n"}} | headers=HTTPHeaderDict({'Content-Length': '1617', 'Content-Type': 'application/json; charset=utf-8', 'cache-control': 'no-cache'}) =;
2022-05-17 11:30:31.961 DEBUG ====: Finished Request =;
2022-05-17 11:30:31.961 INFO ====: Tentando estabelecer conexão... =;
2022-05-17 11:30:35.972 DEBUG ====: POST http://localhost:49244/session/bef576312d58f1c7fdadaaaf86f5577b/element {"using": "xpath", "value": "//*[@id=\"side\"]/div[1]/div/label/div/div[2]"} =;
2022-05-17 11:30:35.990 DEBUG ====: http://localhost:49244 "POST /session/bef576312d58f1c7fdadaaaf86f5577b/element HTTP/1.1" 404 1617 =;
2022-05-17 11:30:35.991 DEBUG ====: Remote response: status=404 | data={"value":{"error":"no such element","message":"no such element: Unable to locate element: {\"method\":\"xpath\",\"selector\":\"//*[@id=\"side\"]/div[1]/div/label/div/div[2]\"}\n  (Session info: MicrosoftEdge=101.0.1210.32)","stacktrace":"Backtrace:\n\tMicrosoft::Applications::Events::EventProperties::unpack [0x00007FF60A57CC52+24658]\n\tMicrosoft::Applications::Events::time_ticks_t::time_ticks_t [0x00007FF60A4BD342+539922]\n\tOrdinal0 [0x00007FF609FC0F05+659205]\n\tOrdinal0 [0x00007FF609FFC1F1+901617]\n\tOrdinal0 [0x00007FF609FFC403+902147]\n\tOrdinal0 [0x00007FF60A02E397+1106839]\n\tOrdinal0 [0x00007FF60A0176DF+1013471]\n\tOrdinal0 [0x00007FF60A02B9E7+1096167]\n\tOrdinal0 [0x00007FF60A0174B3+1012915]\n\tOrdinal0 [0x00007FF609FEE440+844864]\n\tOrdinal0 [0x00007FF609FEF848+849992]\n\tMicrosoft::Applications::Events::EventProperty::EventProperty [0x00007FF60A2817D8+120584]\n\tMicrosoft::Applications::Events::EventProperty::EventProperty [0x00007FF60A26CE1E+36174]\n\tMicrosoft::Applications::Events::EventProperty::EventProperty [0x00007FF60A27001C+48972]\n\tMicrosoft::Applications::Events::EventProperty::to_string [0x00007FF60A0C0716+30806]\n\tMicrosoft::Applications::Events::time_ticks_t::time_ticks_t [0x00007FF60A4C4611+569313]\n\tMicrosoft::Applications::Events::time_ticks_t::time_ticks_t [0x00007FF60A4C9044+588308]\n\tMicrosoft::Applications::Events::time_ticks_t::time_ticks_t [0x00007FF60A4C919D+588653]\n\tMicrosoft::Applications::Events::time_ticks_t::time_ticks_t [0x00007FF60A4D292E+627454]\n\tBaseThreadInitThunk [0x00007FFC73677034+20]\n\tRtlUserThreadStart [0x00007FFC74E62651+33]\n"}} | headers=HTTPHeaderDict({'Content-Length': '1617', 'Content-Type': 'application/json; charset=utf-8', 'cache-control': 'no-cache'}) =;
2022-05-17 11:30:35.992 DEBUG ====: Finished Request =;
2022-05-17 11:30:35.992 INFO ====: Tentando estabelecer conexão... =;
2022-05-17 11:30:39.998 DEBUG ====: POST http://localhost:49244/session/bef576312d58f1c7fdadaaaf86f5577b/element {"using": "xpath", "value": "//*[@id=\"side\"]/div[1]/div/label/div/div[2]"} =;
2022-05-17 11:30:40.009 DEBUG ====: http://localhost:49244 "POST /session/bef576312d58f1c7fdadaaaf86f5577b/element HTTP/1.1" 404 1617 =;
2022-05-17 11:30:40.010 DEBUG ====: Remote response: status=404 | data={"value":{"error":"no such element","message":"no such element: Unable to locate element: {\"method\":\"xpath\",\"selector\":\"//*[@id=\"side\"]/div[1]/div/label/div/div[2]\"}\n  (Session info: MicrosoftEdge=101.0.1210.32)","stacktrace":"Backtrace:\n\tMicrosoft::Applications::Events::EventProperties::unpack [0x00007FF60A57CC52+24658]\n\tMicrosoft::Applications::Events::time_ticks_t::time_ticks_t [0x00007FF60A4BD342+539922]\n\tOrdinal0 [0x00007FF609FC0F05+659205]\n\tOrdinal0 [0x00007FF609FFC1F1+901617]\n\tOrdinal0 [0x00007FF609FFC403+902147]\n\tOrdinal0 [0x00007FF60A02E397+1106839]\n\tOrdinal0 [0x00007FF60A0176DF+1013471]\n\tOrdinal0 [0x00007FF60A02B9E7+1096167]\n\tOrdinal0 [0x00007FF60A0174B3+1012915]\n\tOrdinal0 [0x00007FF609FEE440+844864]\n\tOrdinal0 [0x00007FF609FEF848+849992]\n\tMicrosoft::Applications::Events::EventProperty::EventProperty [0x00007FF60A2817D8+120584]\n\tMicrosoft::Applications::Events::EventProperty::EventProperty [0x00007FF60A26CE1E+36174]\n\tMicrosoft::Applications::Events::EventProperty::EventProperty [0x00007FF60A27001C+48972]\n\tMicrosoft::Applications::Events::EventProperty::to_string [0x00007FF60A0C0716+30806]\n\tMicrosoft::Applications::Events::time_ticks_t::time_ticks_t [0x00007FF60A4C4611+569313]\n\tMicrosoft::Applications::Events::time_ticks_t::time_ticks_t [0x00007FF60A4C9044+588308]\n\tMicrosoft::Applications::Events::time_ticks_t::time_ticks_t [0x00007FF60A4C919D+588653]\n\tMicrosoft::Applications::Events::time_ticks_t::time_ticks_t [0x00007FF60A4D292E+627454]\n\tBaseThreadInitThunk [0x00007FFC73677034+20]\n\tRtlUserThreadStart [0x00007FFC74E62651+33]\n"}} | headers=HTTPHeaderDict({'Content-Length': '1617', 'Content-Type': 'application/json; charset=utf-8', 'cache-control': 'no-cache'}) =;
2022-05-17 11:30:40.010 DEBUG ====: Finished Request =;
2022-05-17 11:30:40.010 INFO ====: Tentando estabelecer conexão... =;
2022-05-17 11:30:44.014 DEBUG ====: POST http://localhost:49244/session/bef576312d58f1c7fdadaaaf86f5577b/element {"using": "xpath", "value": "//*[@id=\"side\"]/div[1]/div/label/div/div[2]"} =;
2022-05-17 11:30:44.025 DEBUG ====: http://localhost:49244 "POST /session/bef576312d58f1c7fdadaaaf86f5577b/element HTTP/1.1" 404 1617 =;
2022-05-17 11:30:44.026 DEBUG ====: Remote response: status=404 | data={"value":{"error":"no such element","message":"no such element: Unable to locate element: {\"method\":\"xpath\",\"selector\":\"//*[@id=\"side\"]/div[1]/div/label/div/div[2]\"}\n  (Session info: MicrosoftEdge=101.0.1210.32)","stacktrace":"Backtrace:\n\tMicrosoft::Applications::Events::EventProperties::unpack [0x00007FF60A57CC52+24658]\n\tMicrosoft::Applications::Events::time_ticks_t::time_ticks_t [0x00007FF60A4BD342+539922]\n\tOrdinal0 [0x00007FF609FC0F05+659205]\n\tOrdinal0 [0x00007FF609FFC1F1+901617]\n\tOrdinal0 [0x00007FF609FFC403+902147]\n\tOrdinal0 [0x00007FF60A02E397+1106839]\n\tOrdinal0 [0x00007FF60A0176DF+1013471]\n\tOrdinal0 [0x00007FF60A02B9E7+1096167]\n\tOrdinal0 [0x00007FF60A0174B3+1012915]\n\tOrdinal0 [0x00007FF609FEE440+844864]\n\tOrdinal0 [0x00007FF609FEF848+849992]\n\tMicrosoft::Applications::Events::EventProperty::EventProperty [0x00007FF60A2817D8+120584]\n\tMicrosoft::Applications::Events::EventProperty::EventProperty [0x00007FF60A26CE1E+36174]\n\tMicrosoft::Applications::Events::EventProperty::EventProperty [0x00007FF60A27001C+48972]\n\tMicrosoft::Applications::Events::EventProperty::to_string [0x00007FF60A0C0716+30806]\n\tMicrosoft::Applications::Events::time_ticks_t::time_ticks_t [0x00007FF60A4C4611+569313]\n\tMicrosoft::Applications::Events::time_ticks_t::time_ticks_t [0x00007FF60A4C9044+588308]\n\tMicrosoft::Applications::Events::time_ticks_t::time_ticks_t [0x00007FF60A4C919D+588653]\n\tMicrosoft::Applications::Events::time_ticks_t::time_ticks_t [0x00007FF60A4D292E+627454]\n\tBaseThreadInitThunk [0x00007FFC73677034+20]\n\tRtlUserThreadStart [0x00007FFC74E62651+33]\n"}} | headers=HTTPHeaderDict({'Content-Length': '1617', 'Content-Type': 'application/json; charset=utf-8', 'cache-control': 'no-cache'}) =;
2022-05-17 11:30:44.026 DEBUG ====: Finished Request =;
2022-05-17 11:30:44.027 INFO ====: Tentando estabelecer conexão... =;
2022-05-17 11:30:48.042 DEBUG ====: POST http://localhost:49244/session/bef576312d58f1c7fdadaaaf86f5577b/element {"using": "xpath", "value": "//*[@id=\"side\"]/div[1]/div/label/div/div[2]"} =;
2022-05-17 11:30:48.073 DEBUG ====: http://localhost:49244 "POST /session/bef576312d58f1c7fdadaaaf86f5577b/element HTTP/1.1" 404 1617 =;
2022-05-17 11:30:48.074 DEBUG ====: Remote response: status=404 | data={"value":{"error":"no such element","message":"no such element: Unable to locate element: {\"method\":\"xpath\",\"selector\":\"//*[@id=\"side\"]/div[1]/div/label/div/div[2]\"}\n  (Session info: MicrosoftEdge=101.0.1210.32)","stacktrace":"Backtrace:\n\tMicrosoft::Applications::Events::EventProperties::unpack [0x00007FF60A57CC52+24658]\n\tMicrosoft::Applications::Events::time_ticks_t::time_ticks_t [0x00007FF60A4BD342+539922]\n\tOrdinal0 [0x00007FF609FC0F05+659205]\n\tOrdinal0 [0x00007FF609FFC1F1+901617]\n\tOrdinal0 [0x00007FF609FFC403+902147]\n\tOrdinal0 [0x00007FF60A02E397+1106839]\n\tOrdinal0 [0x00007FF60A0176DF+1013471]\n\tOrdinal0 [0x00007FF60A02B9E7+1096167]\n\tOrdinal0 [0x00007FF60A0174B3+1012915]\n\tOrdinal0 [0x00007FF609FEE440+844864]\n\tOrdinal0 [0x00007FF609FEF848+849992]\n\tMicrosoft::Applications::Events::EventProperty::EventProperty [0x00007FF60A2817D8+120584]\n\tMicrosoft::Applications::Events::EventProperty::EventProperty [0x00007FF60A26CE1E+36174]\n\tMicrosoft::Applications::Events::EventProperty::EventProperty [0x00007FF60A27001C+48972]\n\tMicrosoft::Applications::Events::EventProperty::to_string [0x00007FF60A0C0716+30806]\n\tMicrosoft::Applications::Events::time_ticks_t::time_ticks_t [0x00007FF60A4C4611+569313]\n\tMicrosoft::Applications::Events::time_ticks_t::time_ticks_t [0x00007FF60A4C9044+588308]\n\tMicrosoft::Applications::Events::time_ticks_t::time_ticks_t [0x00007FF60A4C919D+588653]\n\tMicrosoft::Applications::Events::time_ticks_t::time_ticks_t [0x00007FF60A4D292E+627454]\n\tBaseThreadInitThunk [0x00007FFC73677034+20]\n\tRtlUserThreadStart [0x00007FFC74E62651+33]\n"}} | headers=HTTPHeaderDict({'Content-Length': '1617', 'Content-Type': 'application/json; charset=utf-8', 'cache-control': 'no-cache'}) =;
2022-05-17 11:30:48.075 DEBUG ====: Finished Request =;
2022-05-17 11:30:48.076 INFO ====: Tentando estabelecer conexão... =;
2022-05-17 11:30:52.077 DEBUG ====: POST http://localhost:49244/session/bef576312d58f1c7fdadaaaf86f5577b/element {"using": "xpath", "value": "//*[@id=\"side\"]/div[1]/div/label/div/div[2]"} =;
2022-05-17 11:30:52.085 DEBUG ====: http://localhost:49244 "POST /session/bef576312d58f1c7fdadaaaf86f5577b/element HTTP/1.1" 404 1617 =;
2022-05-17 11:30:52.086 DEBUG ====: Remote response: status=404 | data={"value":{"error":"no such element","message":"no such element: Unable to locate element: {\"method\":\"xpath\",\"selector\":\"//*[@id=\"side\"]/div[1]/div/label/div/div[2]\"}\n  (Session info: MicrosoftEdge=101.0.1210.32)","stacktrace":"Backtrace:\n\tMicrosoft::Applications::Events::EventProperties::unpack [0x00007FF60A57CC52+24658]\n\tMicrosoft::Applications::Events::time_ticks_t::time_ticks_t [0x00007FF60A4BD342+539922]\n\tOrdinal0 [0x00007FF609FC0F05+659205]\n\tOrdinal0 [0x00007FF609FFC1F1+901617]\n\tOrdinal0 [0x00007FF609FFC403+902147]\n\tOrdinal0 [0x00007FF60A02E397+1106839]\n\tOrdinal0 [0x00007FF60A0176DF+1013471]\n\tOrdinal0 [0x00007FF60A02B9E7+1096167]\n\tOrdinal0 [0x00007FF60A0174B3+1012915]\n\tOrdinal0 [0x00007FF609FEE440+844864]\n\tOrdinal0 [0x00007FF609FEF848+849992]\n\tMicrosoft::Applications::Events::EventProperty::EventProperty [0x00007FF60A2817D8+120584]\n\tMicrosoft::Applications::Events::EventProperty::EventProperty [0x00007FF60A26CE1E+36174]\n\tMicrosoft::Applications::Events::EventProperty::EventProperty [0x00007FF60A27001C+48972]\n\tMicrosoft::Applications::Events::EventProperty::to_string [0x00007FF60A0C0716+30806]\n\tMicrosoft::Applications::Events::time_ticks_t::time_ticks_t [0x00007FF60A4C4611+569313]\n\tMicrosoft::Applications::Events::time_ticks_t::time_ticks_t [0x00007FF60A4C9044+588308]\n\tMicrosoft::Applications::Events::time_ticks_t::time_ticks_t [0x00007FF60A4C919D+588653]\n\tMicrosoft::Applications::Events::time_ticks_t::time_ticks_t [0x00007FF60A4D292E+627454]\n\tBaseThreadInitThunk [0x00007FFC73677034+20]\n\tRtlUserThreadStart [0x00007FFC74E62651+33]\n"}} | headers=HTTPHeaderDict({'Content-Length': '1617', 'Content-Type': 'application/json; charset=utf-8', 'cache-control': 'no-cache'}) =;
2022-05-17 11:30:52.086 DEBUG ====: Finished Request =;
2022-05-17 11:30:52.086 INFO ====: Tentando estabelecer conexão... =;
2022-05-17 11:30:56.101 DEBUG ====: POST http://localhost:49244/session/bef576312d58f1c7fdadaaaf86f5577b/element {"using": "xpath", "value": "//*[@id=\"side\"]/div[1]/div/label/div/div[2]"} =;
2022-05-17 11:30:56.112 DEBUG ====: http://localhost:49244 "POST /session/bef576312d58f1c7fdadaaaf86f5577b/element HTTP/1.1" 404 1617 =;
2022-05-17 11:30:56.113 DEBUG ====: Remote response: status=404 | data={"value":{"error":"no such element","message":"no such element: Unable to locate element: {\"method\":\"xpath\",\"selector\":\"//*[@id=\"side\"]/div[1]/div/label/div/div[2]\"}\n  (Session info: MicrosoftEdge=101.0.1210.32)","stacktrace":"Backtrace:\n\tMicrosoft::Applications::Events::EventProperties::unpack [0x00007FF60A57CC52+24658]\n\tMicrosoft::Applications::Events::time_ticks_t::time_ticks_t [0x00007FF60A4BD342+539922]\n\tOrdinal0 [0x00007FF609FC0F05+659205]\n\tOrdinal0 [0x00007FF609FFC1F1+901617]\n\tOrdinal0 [0x00007FF609FFC403+902147]\n\tOrdinal0 [0x00007FF60A02E397+1106839]\n\tOrdinal0 [0x00007FF60A0176DF+1013471]\n\tOrdinal0 [0x00007FF60A02B9E7+1096167]\n\tOrdinal0 [0x00007FF60A0174B3+1012915]\n\tOrdinal0 [0x00007FF609FEE440+844864]\n\tOrdinal0 [0x00007FF609FEF848+849992]\n\tMicrosoft::Applications::Events::EventProperty::EventProperty [0x00007FF60A2817D8+120584]\n\tMicrosoft::Applications::Events::EventProperty::EventProperty [0x00007FF60A26CE1E+36174]\n\tMicrosoft::Applications::Events::EventProperty::EventProperty [0x00007FF60A27001C+48972]\n\tMicrosoft::Applications::Events::EventProperty::to_string [0x00007FF60A0C0716+30806]\n\tMicrosoft::Applications::Events::time_ticks_t::time_ticks_t [0x00007FF60A4C4611+569313]\n\tMicrosoft::Applications::Events::time_ticks_t::time_ticks_t [0x00007FF60A4C9044+588308]\n\tMicrosoft::Applications::Events::time_ticks_t::time_ticks_t [0x00007FF60A4C919D+588653]\n\tMicrosoft::Applications::Events::time_ticks_t::time_ticks_t [0x00007FF60A4D292E+627454]\n\tBaseThreadInitThunk [0x00007FFC73677034+20]\n\tRtlUserThreadStart [0x00007FFC74E62651+33]\n"}} | headers=HTTPHeaderDict({'Content-Length': '1617', 'Content-Type': 'application/json; charset=utf-8', 'cache-control': 'no-cache'}) =;
2022-05-17 11:30:56.114 DEBUG ====: Finished Request =;
2022-05-17 11:30:56.114 INFO ====: Tentando estabelecer conexão... =;
2022-05-18 10:40:08.558 INFO ====: Uma foto foi registrada pelo equipamento =;
2022-05-18 10:47:11.469 INFO ====: Uma foto foi registrada pelo equipamento =;
2022-05-18 10:48:49.225 INFO ====: Uma foto foi registrada pelo equipamento =;
2022-05-18 21:16:13.928 INFO ====: Um erro ocorreu na câmera =;
2022-05-18 21:17:05.959 INFO ====: Uma foto foi registrada pelo equipamento =;
2022-05-18 21:17:36.800 INFO ====: Uma foto foi registrada pelo equipamento =;
2022-05-18 21:20:24.327 INFO ====: Uma foto foi registrada pelo equipamento =;
2022-05-18 21:29:05.531 INFO ====: Uma foto foi registrada pelo equipamento =;
2022-05-18 21:29:48.267 INFO ====: Uma foto foi registrada pelo equipamento =;
2022-05-18 21:30:27.303 INFO ====: Uma foto foi registrada pelo equipamento =;
2022-05-18 21:30:58.398 INFO ====: Uma foto foi registrada pelo equipamento =;
2022-05-18 21:32:03.299 INFO ====: Uma foto foi registrada pelo equipamento =;
2022-05-19 07:44:15.919 INFO ====: Uma foto foi registrada pelo equipamento =;
2022-05-19 08:03:24.634 INFO ====: Uma foto foi registrada pelo equipamento =;
2022-05-19 08:04:35.162 INFO ====: Uma foto foi registrada pelo equipamento =;
2022-05-19 08:06:15.837 INFO ====: Uma foto foi registrada pelo equipamento =;
2022-05-20 12:08:40.077 INFO ====: Uma foto foi registrada pelo equipamento =;
